{"level":"info","ts":1648042034.570665,"msg":"2022-03-23 21:27:14 openapi.go:92:func2 [OPENAPI]GET https://api.sgroup.qq.com/gateway/bot, traceID:6e198a191e736fbdbba1ad1015d52328, status:200 OK, elapsed:262.233833ms req: null, resp: {\"url\":\"wss://api.sgroup.qq.com/websocket\",\"shards\":1,\"session_start_limit\":{\"total\":1000,\"remaining\":992,\"reset_after\":5072408,\"max_concurrency\":1}}\n"}
{"level":"info","ts":1648042034.574044,"msg":"2022-03-23 21:27:14 local.go:33:Start [ws/session/local] will start 1 sessions and per session start interval is 2s\n"}
{"level":"info","ts":1648042036.7661839,"msg":"2022-03-23 21:27:16 client.go:63:Connect [ws][ID:][Shard:(0/1)][Intent:1073741824], url wss://api.sgroup.qq.com/websocket, connected\n"}
{"level":"info","ts":1648042036.7666712,"msg":"2022-03-23 21:27:16 client.go:122:Write [ws][ID:][Shard:(0/1)][Intent:1073741824] write Identity message, {\"op\":2,\"d\":{\"token\":\"101997331.ZbDPisWhuKkViMl5cUfjrFJmEUEjI6ra\",\"intents\":1073741824,\"shard\":[0,1],\"properties\":{}}}\n"}
{"level":"info","ts":1648042036.770136,"msg":"2022-03-23 21:27:16 client.go:193:readMessageToQueue [ws][ID:][Shard:(0/1)][Intent:1073741824] receive Hello message, {\"d\":{\"heartbeat_interval\":41250},\"op\":10}\n"}
{"level":"info","ts":1648042036.902677,"msg":"2022-03-23 21:27:16 client.go:193:readMessageToQueue [ws][ID:][Shard:(0/1)][Intent:1073741824] receive Event message, {\"op\":0,\"s\":1,\"t\":\"READY\",\"d\":{\"version\":1,\"session_id\":\"63ff007d-039f-4d65-8d8f-e2aca3e6de35\",\"user\":{\"id\":\"11712135219332816649\",\"username\":\"填字游戏-测试中\",\"bot\":true},\"shard\":[0,1]}}\n"}
{"level":"debug","ts":1648042078.025187,"msg":"2022-03-23 21:27:58 client.go:107:Listening [ws][ID:63ff007d-039f-4d65-8d8f-e2aca3e6de35][Shard:(0/1)][Intent:1073741824] listened heartBeat\n"}
{"level":"info","ts":1648042078.026678,"msg":"2022-03-23 21:27:58 client.go:122:Write [ws][ID:63ff007d-039f-4d65-8d8f-e2aca3e6de35][Shard:(0/1)][Intent:1073741824] write Heartbeat message, {\"op\":1,\"d\":1}\n"}
{"level":"info","ts":1648042078.08619,"msg":"2022-03-23 21:27:58 client.go:193:readMessageToQueue [ws][ID:63ff007d-039f-4d65-8d8f-e2aca3e6de35][Shard:(0/1)][Intent:1073741824] receive HeartbeatAck message, {\"op\":11}\n"}
{"level":"debug","ts":1648042119.2797298,"msg":"2022-03-23 21:28:39 client.go:107:Listening [ws][ID:63ff007d-039f-4d65-8d8f-e2aca3e6de35][Shard:(0/1)][Intent:1073741824] listened heartBeat\n"}
{"level":"info","ts":1648042119.2802298,"msg":"2022-03-23 21:28:39 client.go:122:Write [ws][ID:63ff007d-039f-4d65-8d8f-e2aca3e6de35][Shard:(0/1)][Intent:1073741824] write Heartbeat message, {\"op\":1,\"d\":1}\n"}
{"level":"info","ts":1648042119.341374,"msg":"2022-03-23 21:28:39 client.go:193:readMessageToQueue [ws][ID:63ff007d-039f-4d65-8d8f-e2aca3e6de35][Shard:(0/1)][Intent:1073741824] receive HeartbeatAck message, {\"op\":11}\n"}
{"level":"debug","ts":1648042160.526486,"msg":"2022-03-23 21:29:20 client.go:107:Listening [ws][ID:63ff007d-039f-4d65-8d8f-e2aca3e6de35][Shard:(0/1)][Intent:1073741824] listened heartBeat\n"}
{"level":"info","ts":1648042160.527724,"msg":"2022-03-23 21:29:20 client.go:122:Write [ws][ID:63ff007d-039f-4d65-8d8f-e2aca3e6de35][Shard:(0/1)][Intent:1073741824] write Heartbeat message, {\"op\":1,\"d\":1}\n"}
{"level":"info","ts":1648042160.596732,"msg":"2022-03-23 21:29:20 client.go:193:readMessageToQueue [ws][ID:63ff007d-039f-4d65-8d8f-e2aca3e6de35][Shard:(0/1)][Intent:1073741824] receive HeartbeatAck message, {\"op\":11}\n"}
{"level":"debug","ts":1648042201.777619,"msg":"2022-03-23 21:30:01 client.go:107:Listening [ws][ID:63ff007d-039f-4d65-8d8f-e2aca3e6de35][Shard:(0/1)][Intent:1073741824] listened heartBeat\n"}
{"level":"info","ts":1648042201.778209,"msg":"2022-03-23 21:30:01 client.go:122:Write [ws][ID:63ff007d-039f-4d65-8d8f-e2aca3e6de35][Shard:(0/1)][Intent:1073741824] write Heartbeat message, {\"op\":1,\"d\":1}\n"}
{"level":"info","ts":1648042201.8479471,"msg":"2022-03-23 21:30:01 client.go:193:readMessageToQueue [ws][ID:63ff007d-039f-4d65-8d8f-e2aca3e6de35][Shard:(0/1)][Intent:1073741824] receive HeartbeatAck message, {\"op\":11}\n"}
{"level":"debug","ts":1648042243.026877,"msg":"2022-03-23 21:30:43 client.go:107:Listening [ws][ID:63ff007d-039f-4d65-8d8f-e2aca3e6de35][Shard:(0/1)][Intent:1073741824] listened heartBeat\n"}
{"level":"info","ts":1648042243.028327,"msg":"2022-03-23 21:30:43 client.go:122:Write [ws][ID:63ff007d-039f-4d65-8d8f-e2aca3e6de35][Shard:(0/1)][Intent:1073741824] write Heartbeat message, {\"op\":1,\"d\":1}\n"}
{"level":"info","ts":1648042243.089962,"msg":"2022-03-23 21:30:43 client.go:193:readMessageToQueue [ws][ID:63ff007d-039f-4d65-8d8f-e2aca3e6de35][Shard:(0/1)][Intent:1073741824] receive HeartbeatAck message, {\"op\":11}\n"}
{"level":"debug","ts":1648042284.277042,"msg":"2022-03-23 21:31:24 client.go:107:Listening [ws][ID:63ff007d-039f-4d65-8d8f-e2aca3e6de35][Shard:(0/1)][Intent:1073741824] listened heartBeat\n"}
{"level":"info","ts":1648042284.278327,"msg":"2022-03-23 21:31:24 client.go:122:Write [ws][ID:63ff007d-039f-4d65-8d8f-e2aca3e6de35][Shard:(0/1)][Intent:1073741824] write Heartbeat message, {\"op\":1,\"d\":1}\n"}
{"level":"info","ts":1648042284.352118,"msg":"2022-03-23 21:31:24 client.go:193:readMessageToQueue [ws][ID:63ff007d-039f-4d65-8d8f-e2aca3e6de35][Shard:(0/1)][Intent:1073741824] receive HeartbeatAck message, {\"op\":11}\n"}
{"level":"debug","ts":1648042325.525435,"msg":"2022-03-23 21:32:05 client.go:107:Listening [ws][ID:63ff007d-039f-4d65-8d8f-e2aca3e6de35][Shard:(0/1)][Intent:1073741824] listened heartBeat\n"}
{"level":"info","ts":1648042325.526809,"msg":"2022-03-23 21:32:05 client.go:122:Write [ws][ID:63ff007d-039f-4d65-8d8f-e2aca3e6de35][Shard:(0/1)][Intent:1073741824] write Heartbeat message, {\"op\":1,\"d\":1}\n"}
{"level":"info","ts":1648042325.584286,"msg":"2022-03-23 21:32:05 client.go:193:readMessageToQueue [ws][ID:63ff007d-039f-4d65-8d8f-e2aca3e6de35][Shard:(0/1)][Intent:1073741824] receive HeartbeatAck message, {\"op\":11}\n"}
{"level":"debug","ts":1648042366.780611,"msg":"2022-03-23 21:32:46 client.go:107:Listening [ws][ID:63ff007d-039f-4d65-8d8f-e2aca3e6de35][Shard:(0/1)][Intent:1073741824] listened heartBeat\n"}
{"level":"info","ts":1648042366.7820008,"msg":"2022-03-23 21:32:46 client.go:122:Write [ws][ID:63ff007d-039f-4d65-8d8f-e2aca3e6de35][Shard:(0/1)][Intent:1073741824] write Heartbeat message, {\"op\":1,\"d\":1}\n"}
{"level":"info","ts":1648042366.860184,"msg":"2022-03-23 21:32:46 client.go:193:readMessageToQueue [ws][ID:63ff007d-039f-4d65-8d8f-e2aca3e6de35][Shard:(0/1)][Intent:1073741824] receive HeartbeatAck message, {\"op\":11}\n"}
{"level":"debug","ts":1648042408.0256069,"msg":"2022-03-23 21:33:28 client.go:107:Listening [ws][ID:63ff007d-039f-4d65-8d8f-e2aca3e6de35][Shard:(0/1)][Intent:1073741824] listened heartBeat\n"}
{"level":"info","ts":1648042408.026377,"msg":"2022-03-23 21:33:28 client.go:122:Write [ws][ID:63ff007d-039f-4d65-8d8f-e2aca3e6de35][Shard:(0/1)][Intent:1073741824] write Heartbeat message, {\"op\":1,\"d\":1}\n"}
{"level":"info","ts":1648042408.088276,"msg":"2022-03-23 21:33:28 client.go:193:readMessageToQueue [ws][ID:63ff007d-039f-4d65-8d8f-e2aca3e6de35][Shard:(0/1)][Intent:1073741824] receive HeartbeatAck message, {\"op\":11}\n"}
{"level":"debug","ts":1648042449.276233,"msg":"2022-03-23 21:34:09 client.go:107:Listening [ws][ID:63ff007d-039f-4d65-8d8f-e2aca3e6de35][Shard:(0/1)][Intent:1073741824] listened heartBeat\n"}
{"level":"info","ts":1648042449.276566,"msg":"2022-03-23 21:34:09 client.go:122:Write [ws][ID:63ff007d-039f-4d65-8d8f-e2aca3e6de35][Shard:(0/1)][Intent:1073741824] write Heartbeat message, {\"op\":1,\"d\":1}\n"}
{"level":"info","ts":1648042449.341818,"msg":"2022-03-23 21:34:09 client.go:193:readMessageToQueue [ws][ID:63ff007d-039f-4d65-8d8f-e2aca3e6de35][Shard:(0/1)][Intent:1073741824] receive HeartbeatAck message, {\"op\":11}\n"}
{"level":"debug","ts":1648042490.530925,"msg":"2022-03-23 21:34:50 client.go:107:Listening [ws][ID:63ff007d-039f-4d65-8d8f-e2aca3e6de35][Shard:(0/1)][Intent:1073741824] listened heartBeat\n"}
{"level":"info","ts":1648042490.532795,"msg":"2022-03-23 21:34:50 client.go:122:Write [ws][ID:63ff007d-039f-4d65-8d8f-e2aca3e6de35][Shard:(0/1)][Intent:1073741824] write Heartbeat message, {\"op\":1,\"d\":1}\n"}
{"level":"info","ts":1648042490.5981948,"msg":"2022-03-23 21:34:50 client.go:193:readMessageToQueue [ws][ID:63ff007d-039f-4d65-8d8f-e2aca3e6de35][Shard:(0/1)][Intent:1073741824] receive HeartbeatAck message, {\"op\":11}\n"}
{"level":"debug","ts":1648042531.7804081,"msg":"2022-03-23 21:35:31 client.go:107:Listening [ws][ID:63ff007d-039f-4d65-8d8f-e2aca3e6de35][Shard:(0/1)][Intent:1073741824] listened heartBeat\n"}
{"level":"info","ts":1648042531.780743,"msg":"2022-03-23 21:35:31 client.go:122:Write [ws][ID:63ff007d-039f-4d65-8d8f-e2aca3e6de35][Shard:(0/1)][Intent:1073741824] write Heartbeat message, {\"op\":1,\"d\":1}\n"}
{"level":"info","ts":1648042531.855778,"msg":"2022-03-23 21:35:31 client.go:193:readMessageToQueue [ws][ID:63ff007d-039f-4d65-8d8f-e2aca3e6de35][Shard:(0/1)][Intent:1073741824] receive HeartbeatAck message, {\"op\":11}\n"}
{"level":"debug","ts":1648042573.0315678,"msg":"2022-03-23 21:36:13 client.go:107:Listening [ws][ID:63ff007d-039f-4d65-8d8f-e2aca3e6de35][Shard:(0/1)][Intent:1073741824] listened heartBeat\n"}
{"level":"info","ts":1648042573.033003,"msg":"2022-03-23 21:36:13 client.go:122:Write [ws][ID:63ff007d-039f-4d65-8d8f-e2aca3e6de35][Shard:(0/1)][Intent:1073741824] write Heartbeat message, {\"op\":1,\"d\":1}\n"}
{"level":"info","ts":1648042573.224419,"msg":"2022-03-23 21:36:13 client.go:193:readMessageToQueue [ws][ID:63ff007d-039f-4d65-8d8f-e2aca3e6de35][Shard:(0/1)][Intent:1073741824] receive HeartbeatAck message, {\"op\":11}\n"}
{"level":"debug","ts":1648042614.281065,"msg":"2022-03-23 21:36:54 client.go:107:Listening [ws][ID:63ff007d-039f-4d65-8d8f-e2aca3e6de35][Shard:(0/1)][Intent:1073741824] listened heartBeat\n"}
{"level":"info","ts":1648042614.282471,"msg":"2022-03-23 21:36:54 client.go:122:Write [ws][ID:63ff007d-039f-4d65-8d8f-e2aca3e6de35][Shard:(0/1)][Intent:1073741824] write Heartbeat message, {\"op\":1,\"d\":1}\n"}
{"level":"info","ts":1648042614.350539,"msg":"2022-03-23 21:36:54 client.go:193:readMessageToQueue [ws][ID:63ff007d-039f-4d65-8d8f-e2aca3e6de35][Shard:(0/1)][Intent:1073741824] receive HeartbeatAck message, {\"op\":11}\n"}
{"level":"debug","ts":1648042655.53163,"msg":"2022-03-23 21:37:35 client.go:107:Listening [ws][ID:63ff007d-039f-4d65-8d8f-e2aca3e6de35][Shard:(0/1)][Intent:1073741824] listened heartBeat\n"}
{"level":"info","ts":1648042655.532991,"msg":"2022-03-23 21:37:35 client.go:122:Write [ws][ID:63ff007d-039f-4d65-8d8f-e2aca3e6de35][Shard:(0/1)][Intent:1073741824] write Heartbeat message, {\"op\":1,\"d\":1}\n"}
{"level":"info","ts":1648042655.608971,"msg":"2022-03-23 21:37:35 client.go:193:readMessageToQueue [ws][ID:63ff007d-039f-4d65-8d8f-e2aca3e6de35][Shard:(0/1)][Intent:1073741824] receive HeartbeatAck message, {\"op\":11}\n"}
{"level":"debug","ts":1648042696.7801962,"msg":"2022-03-23 21:38:16 client.go:107:Listening [ws][ID:63ff007d-039f-4d65-8d8f-e2aca3e6de35][Shard:(0/1)][Intent:1073741824] listened heartBeat\n"}
{"level":"info","ts":1648042696.7816231,"msg":"2022-03-23 21:38:16 client.go:122:Write [ws][ID:63ff007d-039f-4d65-8d8f-e2aca3e6de35][Shard:(0/1)][Intent:1073741824] write Heartbeat message, {\"op\":1,\"d\":1}\n"}
{"level":"info","ts":1648042696.842651,"msg":"2022-03-23 21:38:16 client.go:193:readMessageToQueue [ws][ID:63ff007d-039f-4d65-8d8f-e2aca3e6de35][Shard:(0/1)][Intent:1073741824] receive HeartbeatAck message, {\"op\":11}\n"}
{"level":"debug","ts":1648042738.034074,"msg":"2022-03-23 21:38:58 client.go:107:Listening [ws][ID:63ff007d-039f-4d65-8d8f-e2aca3e6de35][Shard:(0/1)][Intent:1073741824] listened heartBeat\n"}
{"level":"info","ts":1648042738.034531,"msg":"2022-03-23 21:38:58 client.go:122:Write [ws][ID:63ff007d-039f-4d65-8d8f-e2aca3e6de35][Shard:(0/1)][Intent:1073741824] write Heartbeat message, {\"op\":1,\"d\":1}\n"}
{"level":"info","ts":1648042738.095896,"msg":"2022-03-23 21:38:58 client.go:193:readMessageToQueue [ws][ID:63ff007d-039f-4d65-8d8f-e2aca3e6de35][Shard:(0/1)][Intent:1073741824] receive HeartbeatAck message, {\"op\":11}\n"}
{"level":"debug","ts":1648042779.2843251,"msg":"2022-03-23 21:39:39 client.go:107:Listening [ws][ID:63ff007d-039f-4d65-8d8f-e2aca3e6de35][Shard:(0/1)][Intent:1073741824] listened heartBeat\n"}
{"level":"info","ts":1648042779.285748,"msg":"2022-03-23 21:39:39 client.go:122:Write [ws][ID:63ff007d-039f-4d65-8d8f-e2aca3e6de35][Shard:(0/1)][Intent:1073741824] write Heartbeat message, {\"op\":1,\"d\":1}\n"}
{"level":"info","ts":1648042779.3442829,"msg":"2022-03-23 21:39:39 client.go:193:readMessageToQueue [ws][ID:63ff007d-039f-4d65-8d8f-e2aca3e6de35][Shard:(0/1)][Intent:1073741824] receive HeartbeatAck message, {\"op\":11}\n"}
{"level":"debug","ts":1648042820.533022,"msg":"2022-03-23 21:40:20 client.go:107:Listening [ws][ID:63ff007d-039f-4d65-8d8f-e2aca3e6de35][Shard:(0/1)][Intent:1073741824] listened heartBeat\n"}
{"level":"info","ts":1648042820.53703,"msg":"2022-03-23 21:40:20 client.go:122:Write [ws][ID:63ff007d-039f-4d65-8d8f-e2aca3e6de35][Shard:(0/1)][Intent:1073741824] write Heartbeat message, {\"op\":1,\"d\":1}\n"}
{"level":"info","ts":1648042820.6098619,"msg":"2022-03-23 21:40:20 client.go:193:readMessageToQueue [ws][ID:63ff007d-039f-4d65-8d8f-e2aca3e6de35][Shard:(0/1)][Intent:1073741824] receive HeartbeatAck message, {\"op\":11}\n"}
{"level":"debug","ts":1648042861.780226,"msg":"2022-03-23 21:41:01 client.go:107:Listening [ws][ID:63ff007d-039f-4d65-8d8f-e2aca3e6de35][Shard:(0/1)][Intent:1073741824] listened heartBeat\n"}
{"level":"info","ts":1648042861.781656,"msg":"2022-03-23 21:41:01 client.go:122:Write [ws][ID:63ff007d-039f-4d65-8d8f-e2aca3e6de35][Shard:(0/1)][Intent:1073741824] write Heartbeat message, {\"op\":1,\"d\":1}\n"}
{"level":"info","ts":1648042861.857742,"msg":"2022-03-23 21:41:01 client.go:193:readMessageToQueue [ws][ID:63ff007d-039f-4d65-8d8f-e2aca3e6de35][Shard:(0/1)][Intent:1073741824] receive HeartbeatAck message, {\"op\":11}\n"}
{"level":"debug","ts":1648042903.032887,"msg":"2022-03-23 21:41:43 client.go:107:Listening [ws][ID:63ff007d-039f-4d65-8d8f-e2aca3e6de35][Shard:(0/1)][Intent:1073741824] listened heartBeat\n"}
{"level":"info","ts":1648042903.034206,"msg":"2022-03-23 21:41:43 client.go:122:Write [ws][ID:63ff007d-039f-4d65-8d8f-e2aca3e6de35][Shard:(0/1)][Intent:1073741824] write Heartbeat message, {\"op\":1,\"d\":1}\n"}
{"level":"info","ts":1648042903.0968041,"msg":"2022-03-23 21:41:43 client.go:193:readMessageToQueue [ws][ID:63ff007d-039f-4d65-8d8f-e2aca3e6de35][Shard:(0/1)][Intent:1073741824] receive HeartbeatAck message, {\"op\":11}\n"}
{"level":"debug","ts":1648042944.288693,"msg":"2022-03-23 21:42:24 client.go:107:Listening [ws][ID:63ff007d-039f-4d65-8d8f-e2aca3e6de35][Shard:(0/1)][Intent:1073741824] listened heartBeat\n"}
{"level":"info","ts":1648042944.289963,"msg":"2022-03-23 21:42:24 client.go:122:Write [ws][ID:63ff007d-039f-4d65-8d8f-e2aca3e6de35][Shard:(0/1)][Intent:1073741824] write Heartbeat message, {\"op\":1,\"d\":1}\n"}
{"level":"info","ts":1648042944.3569658,"msg":"2022-03-23 21:42:24 client.go:193:readMessageToQueue [ws][ID:63ff007d-039f-4d65-8d8f-e2aca3e6de35][Shard:(0/1)][Intent:1073741824] receive HeartbeatAck message, {\"op\":11}\n"}
{"level":"debug","ts":1648042985.538823,"msg":"2022-03-23 21:43:05 client.go:107:Listening [ws][ID:63ff007d-039f-4d65-8d8f-e2aca3e6de35][Shard:(0/1)][Intent:1073741824] listened heartBeat\n"}
{"level":"info","ts":1648042985.539757,"msg":"2022-03-23 21:43:05 client.go:122:Write [ws][ID:63ff007d-039f-4d65-8d8f-e2aca3e6de35][Shard:(0/1)][Intent:1073741824] write Heartbeat message, {\"op\":1,\"d\":1}\n"}
{"level":"info","ts":1648042985.609877,"msg":"2022-03-23 21:43:05 client.go:193:readMessageToQueue [ws][ID:63ff007d-039f-4d65-8d8f-e2aca3e6de35][Shard:(0/1)][Intent:1073741824] receive HeartbeatAck message, {\"op\":11}\n"}
{"level":"debug","ts":1648043026.784928,"msg":"2022-03-23 21:43:46 client.go:107:Listening [ws][ID:63ff007d-039f-4d65-8d8f-e2aca3e6de35][Shard:(0/1)][Intent:1073741824] listened heartBeat\n"}
{"level":"info","ts":1648043026.78646,"msg":"2022-03-23 21:43:46 client.go:122:Write [ws][ID:63ff007d-039f-4d65-8d8f-e2aca3e6de35][Shard:(0/1)][Intent:1073741824] write Heartbeat message, {\"op\":1,\"d\":1}\n"}
{"level":"info","ts":1648043026.858204,"msg":"2022-03-23 21:43:46 client.go:193:readMessageToQueue [ws][ID:63ff007d-039f-4d65-8d8f-e2aca3e6de35][Shard:(0/1)][Intent:1073741824] receive HeartbeatAck message, {\"op\":11}\n"}
{"level":"debug","ts":1648043068.0353558,"msg":"2022-03-23 21:44:28 client.go:107:Listening [ws][ID:63ff007d-039f-4d65-8d8f-e2aca3e6de35][Shard:(0/1)][Intent:1073741824] listened heartBeat\n"}
{"level":"info","ts":1648043068.036119,"msg":"2022-03-23 21:44:28 client.go:122:Write [ws][ID:63ff007d-039f-4d65-8d8f-e2aca3e6de35][Shard:(0/1)][Intent:1073741824] write Heartbeat message, {\"op\":1,\"d\":1}\n"}
{"level":"info","ts":1648043068.094823,"msg":"2022-03-23 21:44:28 client.go:193:readMessageToQueue [ws][ID:63ff007d-039f-4d65-8d8f-e2aca3e6de35][Shard:(0/1)][Intent:1073741824] receive HeartbeatAck message, {\"op\":11}\n"}
{"level":"debug","ts":1648043109.285467,"msg":"2022-03-23 21:45:09 client.go:107:Listening [ws][ID:63ff007d-039f-4d65-8d8f-e2aca3e6de35][Shard:(0/1)][Intent:1073741824] listened heartBeat\n"}
{"level":"info","ts":1648043109.2882402,"msg":"2022-03-23 21:45:09 client.go:122:Write [ws][ID:63ff007d-039f-4d65-8d8f-e2aca3e6de35][Shard:(0/1)][Intent:1073741824] write Heartbeat message, {\"op\":1,\"d\":1}\n"}
{"level":"info","ts":1648043109.3492448,"msg":"2022-03-23 21:45:09 client.go:193:readMessageToQueue [ws][ID:63ff007d-039f-4d65-8d8f-e2aca3e6de35][Shard:(0/1)][Intent:1073741824] receive HeartbeatAck message, {\"op\":11}\n"}
{"level":"debug","ts":1648043150.4694002,"msg":"2022-03-23 21:45:50 client.go:107:Listening [ws][ID:63ff007d-039f-4d65-8d8f-e2aca3e6de35][Shard:(0/1)][Intent:1073741824] listened heartBeat\n"}
{"level":"info","ts":1648043150.4706728,"msg":"2022-03-23 21:45:50 client.go:122:Write [ws][ID:63ff007d-039f-4d65-8d8f-e2aca3e6de35][Shard:(0/1)][Intent:1073741824] write Heartbeat message, {\"op\":1,\"d\":1}\n"}
{"level":"info","ts":1648043150.538501,"msg":"2022-03-23 21:45:50 client.go:193:readMessageToQueue [ws][ID:63ff007d-039f-4d65-8d8f-e2aca3e6de35][Shard:(0/1)][Intent:1073741824] receive HeartbeatAck message, {\"op\":11}\n"}
{"level":"debug","ts":1648043191.717332,"msg":"2022-03-23 21:46:31 client.go:107:Listening [ws][ID:63ff007d-039f-4d65-8d8f-e2aca3e6de35][Shard:(0/1)][Intent:1073741824] listened heartBeat\n"}
{"level":"info","ts":1648043191.718519,"msg":"2022-03-23 21:46:31 client.go:122:Write [ws][ID:63ff007d-039f-4d65-8d8f-e2aca3e6de35][Shard:(0/1)][Intent:1073741824] write Heartbeat message, {\"op\":1,\"d\":1}\n"}
{"level":"info","ts":1648043191.780479,"msg":"2022-03-23 21:46:31 client.go:193:readMessageToQueue [ws][ID:63ff007d-039f-4d65-8d8f-e2aca3e6de35][Shard:(0/1)][Intent:1073741824] receive HeartbeatAck message, {\"op\":11}\n"}
{"level":"debug","ts":1648043232.965332,"msg":"2022-03-23 21:47:12 client.go:107:Listening [ws][ID:63ff007d-039f-4d65-8d8f-e2aca3e6de35][Shard:(0/1)][Intent:1073741824] listened heartBeat\n"}
{"level":"info","ts":1648043232.96784,"msg":"2022-03-23 21:47:12 client.go:122:Write [ws][ID:63ff007d-039f-4d65-8d8f-e2aca3e6de35][Shard:(0/1)][Intent:1073741824] write Heartbeat message, {\"op\":1,\"d\":1}\n"}
{"level":"info","ts":1648043233.0417979,"msg":"2022-03-23 21:47:13 client.go:193:readMessageToQueue [ws][ID:63ff007d-039f-4d65-8d8f-e2aca3e6de35][Shard:(0/1)][Intent:1073741824] receive HeartbeatAck message, {\"op\":11}\n"}
{"level":"debug","ts":1648043274.212401,"msg":"2022-03-23 21:47:54 client.go:107:Listening [ws][ID:63ff007d-039f-4d65-8d8f-e2aca3e6de35][Shard:(0/1)][Intent:1073741824] listened heartBeat\n"}
{"level":"info","ts":1648043274.21425,"msg":"2022-03-23 21:47:54 client.go:122:Write [ws][ID:63ff007d-039f-4d65-8d8f-e2aca3e6de35][Shard:(0/1)][Intent:1073741824] write Heartbeat message, {\"op\":1,\"d\":1}\n"}
{"level":"info","ts":1648043274.284451,"msg":"2022-03-23 21:47:54 client.go:193:readMessageToQueue [ws][ID:63ff007d-039f-4d65-8d8f-e2aca3e6de35][Shard:(0/1)][Intent:1073741824] receive HeartbeatAck message, {\"op\":11}\n"}
{"level":"debug","ts":1648043315.46539,"msg":"2022-03-23 21:48:35 client.go:107:Listening [ws][ID:63ff007d-039f-4d65-8d8f-e2aca3e6de35][Shard:(0/1)][Intent:1073741824] listened heartBeat\n"}
{"level":"info","ts":1648043315.466867,"msg":"2022-03-23 21:48:35 client.go:122:Write [ws][ID:63ff007d-039f-4d65-8d8f-e2aca3e6de35][Shard:(0/1)][Intent:1073741824] write Heartbeat message, {\"op\":1,\"d\":1}\n"}
{"level":"info","ts":1648043315.53364,"msg":"2022-03-23 21:48:35 client.go:193:readMessageToQueue [ws][ID:63ff007d-039f-4d65-8d8f-e2aca3e6de35][Shard:(0/1)][Intent:1073741824] receive HeartbeatAck message, {\"op\":11}\n"}
{"level":"debug","ts":1648043356.719973,"msg":"2022-03-23 21:49:16 client.go:107:Listening [ws][ID:63ff007d-039f-4d65-8d8f-e2aca3e6de35][Shard:(0/1)][Intent:1073741824] listened heartBeat\n"}
{"level":"info","ts":1648043356.720486,"msg":"2022-03-23 21:49:16 client.go:122:Write [ws][ID:63ff007d-039f-4d65-8d8f-e2aca3e6de35][Shard:(0/1)][Intent:1073741824] write Heartbeat message, {\"op\":1,\"d\":1}\n"}
{"level":"info","ts":1648043356.781217,"msg":"2022-03-23 21:49:16 client.go:193:readMessageToQueue [ws][ID:63ff007d-039f-4d65-8d8f-e2aca3e6de35][Shard:(0/1)][Intent:1073741824] receive HeartbeatAck message, {\"op\":11}\n"}
{"level":"debug","ts":1648043397.962246,"msg":"2022-03-23 21:49:57 client.go:107:Listening [ws][ID:63ff007d-039f-4d65-8d8f-e2aca3e6de35][Shard:(0/1)][Intent:1073741824] listened heartBeat\n"}
{"level":"info","ts":1648043397.963369,"msg":"2022-03-23 21:49:57 client.go:122:Write [ws][ID:63ff007d-039f-4d65-8d8f-e2aca3e6de35][Shard:(0/1)][Intent:1073741824] write Heartbeat message, {\"op\":1,\"d\":1}\n"}
{"level":"info","ts":1648043398.024342,"msg":"2022-03-23 21:49:58 client.go:193:readMessageToQueue [ws][ID:63ff007d-039f-4d65-8d8f-e2aca3e6de35][Shard:(0/1)][Intent:1073741824] receive HeartbeatAck message, {\"op\":11}\n"}
{"level":"debug","ts":1648043439.2165298,"msg":"2022-03-23 21:50:39 client.go:107:Listening [ws][ID:63ff007d-039f-4d65-8d8f-e2aca3e6de35][Shard:(0/1)][Intent:1073741824] listened heartBeat\n"}
{"level":"info","ts":1648043439.2167838,"msg":"2022-03-23 21:50:39 client.go:122:Write [ws][ID:63ff007d-039f-4d65-8d8f-e2aca3e6de35][Shard:(0/1)][Intent:1073741824] write Heartbeat message, {\"op\":1,\"d\":1}\n"}
{"level":"info","ts":1648043439.280552,"msg":"2022-03-23 21:50:39 client.go:193:readMessageToQueue [ws][ID:63ff007d-039f-4d65-8d8f-e2aca3e6de35][Shard:(0/1)][Intent:1073741824] receive HeartbeatAck message, {\"op\":11}\n"}
{"level":"debug","ts":1648043480.4669409,"msg":"2022-03-23 21:51:20 client.go:107:Listening [ws][ID:63ff007d-039f-4d65-8d8f-e2aca3e6de35][Shard:(0/1)][Intent:1073741824] listened heartBeat\n"}
{"level":"info","ts":1648043480.468708,"msg":"2022-03-23 21:51:20 client.go:122:Write [ws][ID:63ff007d-039f-4d65-8d8f-e2aca3e6de35][Shard:(0/1)][Intent:1073741824] write Heartbeat message, {\"op\":1,\"d\":1}\n"}
{"level":"info","ts":1648043480.551719,"msg":"2022-03-23 21:51:20 client.go:193:readMessageToQueue [ws][ID:63ff007d-039f-4d65-8d8f-e2aca3e6de35][Shard:(0/1)][Intent:1073741824] receive HeartbeatAck message, {\"op\":11}\n"}
{"level":"debug","ts":1648043521.715827,"msg":"2022-03-23 21:52:01 client.go:107:Listening [ws][ID:63ff007d-039f-4d65-8d8f-e2aca3e6de35][Shard:(0/1)][Intent:1073741824] listened heartBeat\n"}
{"level":"info","ts":1648043521.717089,"msg":"2022-03-23 21:52:01 client.go:122:Write [ws][ID:63ff007d-039f-4d65-8d8f-e2aca3e6de35][Shard:(0/1)][Intent:1073741824] write Heartbeat message, {\"op\":1,\"d\":1}\n"}
{"level":"info","ts":1648043521.7822132,"msg":"2022-03-23 21:52:01 client.go:193:readMessageToQueue [ws][ID:63ff007d-039f-4d65-8d8f-e2aca3e6de35][Shard:(0/1)][Intent:1073741824] receive HeartbeatAck message, {\"op\":11}\n"}
{"level":"debug","ts":1648043562.964036,"msg":"2022-03-23 21:52:42 client.go:107:Listening [ws][ID:63ff007d-039f-4d65-8d8f-e2aca3e6de35][Shard:(0/1)][Intent:1073741824] listened heartBeat\n"}
{"level":"info","ts":1648043562.964428,"msg":"2022-03-23 21:52:42 client.go:122:Write [ws][ID:63ff007d-039f-4d65-8d8f-e2aca3e6de35][Shard:(0/1)][Intent:1073741824] write Heartbeat message, {\"op\":1,\"d\":1}\n"}
{"level":"info","ts":1648043563.027138,"msg":"2022-03-23 21:52:43 client.go:193:readMessageToQueue [ws][ID:63ff007d-039f-4d65-8d8f-e2aca3e6de35][Shard:(0/1)][Intent:1073741824] receive HeartbeatAck message, {\"op\":11}\n"}
{"level":"debug","ts":1648043604.2140448,"msg":"2022-03-23 21:53:24 client.go:107:Listening [ws][ID:63ff007d-039f-4d65-8d8f-e2aca3e6de35][Shard:(0/1)][Intent:1073741824] listened heartBeat\n"}
{"level":"info","ts":1648043604.216825,"msg":"2022-03-23 21:53:24 client.go:122:Write [ws][ID:63ff007d-039f-4d65-8d8f-e2aca3e6de35][Shard:(0/1)][Intent:1073741824] write Heartbeat message, {\"op\":1,\"d\":1}\n"}
{"level":"info","ts":1648043604.2918599,"msg":"2022-03-23 21:53:24 client.go:193:readMessageToQueue [ws][ID:63ff007d-039f-4d65-8d8f-e2aca3e6de35][Shard:(0/1)][Intent:1073741824] receive HeartbeatAck message, {\"op\":11}\n"}
{"level":"debug","ts":1648043645.463941,"msg":"2022-03-23 21:54:05 client.go:107:Listening [ws][ID:63ff007d-039f-4d65-8d8f-e2aca3e6de35][Shard:(0/1)][Intent:1073741824] listened heartBeat\n"}
{"level":"info","ts":1648043645.465194,"msg":"2022-03-23 21:54:05 client.go:122:Write [ws][ID:63ff007d-039f-4d65-8d8f-e2aca3e6de35][Shard:(0/1)][Intent:1073741824] write Heartbeat message, {\"op\":1,\"d\":1}\n"}
{"level":"info","ts":1648043645.530327,"msg":"2022-03-23 21:54:05 client.go:193:readMessageToQueue [ws][ID:63ff007d-039f-4d65-8d8f-e2aca3e6de35][Shard:(0/1)][Intent:1073741824] receive HeartbeatAck message, {\"op\":11}\n"}
{"level":"debug","ts":1648043686.716241,"msg":"2022-03-23 21:54:46 client.go:107:Listening [ws][ID:63ff007d-039f-4d65-8d8f-e2aca3e6de35][Shard:(0/1)][Intent:1073741824] listened heartBeat\n"}
{"level":"info","ts":1648043686.717217,"msg":"2022-03-23 21:54:46 client.go:122:Write [ws][ID:63ff007d-039f-4d65-8d8f-e2aca3e6de35][Shard:(0/1)][Intent:1073741824] write Heartbeat message, {\"op\":1,\"d\":1}\n"}
{"level":"info","ts":1648043686.7870982,"msg":"2022-03-23 21:54:46 client.go:193:readMessageToQueue [ws][ID:63ff007d-039f-4d65-8d8f-e2aca3e6de35][Shard:(0/1)][Intent:1073741824] receive HeartbeatAck message, {\"op\":11}\n"}
{"level":"debug","ts":1648043727.963455,"msg":"2022-03-23 21:55:27 client.go:107:Listening [ws][ID:63ff007d-039f-4d65-8d8f-e2aca3e6de35][Shard:(0/1)][Intent:1073741824] listened heartBeat\n"}
{"level":"info","ts":1648043727.963723,"msg":"2022-03-23 21:55:27 client.go:122:Write [ws][ID:63ff007d-039f-4d65-8d8f-e2aca3e6de35][Shard:(0/1)][Intent:1073741824] write Heartbeat message, {\"op\":1,\"d\":1}\n"}
{"level":"info","ts":1648043728.034702,"msg":"2022-03-23 21:55:28 client.go:193:readMessageToQueue [ws][ID:63ff007d-039f-4d65-8d8f-e2aca3e6de35][Shard:(0/1)][Intent:1073741824] receive HeartbeatAck message, {\"op\":11}\n"}
{"level":"debug","ts":1648043769.2156641,"msg":"2022-03-23 21:56:09 client.go:107:Listening [ws][ID:63ff007d-039f-4d65-8d8f-e2aca3e6de35][Shard:(0/1)][Intent:1073741824] listened heartBeat\n"}
{"level":"info","ts":1648043769.217098,"msg":"2022-03-23 21:56:09 client.go:122:Write [ws][ID:63ff007d-039f-4d65-8d8f-e2aca3e6de35][Shard:(0/1)][Intent:1073741824] write Heartbeat message, {\"op\":1,\"d\":1}\n"}
{"level":"info","ts":1648043769.5519218,"msg":"2022-03-23 21:56:09 client.go:193:readMessageToQueue [ws][ID:63ff007d-039f-4d65-8d8f-e2aca3e6de35][Shard:(0/1)][Intent:1073741824] receive HeartbeatAck message, {\"op\":11}\n"}
{"level":"debug","ts":1648043810.467458,"msg":"2022-03-23 21:56:50 client.go:107:Listening [ws][ID:63ff007d-039f-4d65-8d8f-e2aca3e6de35][Shard:(0/1)][Intent:1073741824] listened heartBeat\n"}
{"level":"info","ts":1648043810.468485,"msg":"2022-03-23 21:56:50 client.go:122:Write [ws][ID:63ff007d-039f-4d65-8d8f-e2aca3e6de35][Shard:(0/1)][Intent:1073741824] write Heartbeat message, {\"op\":1,\"d\":1}\n"}
{"level":"info","ts":1648043810.531043,"msg":"2022-03-23 21:56:50 client.go:193:readMessageToQueue [ws][ID:63ff007d-039f-4d65-8d8f-e2aca3e6de35][Shard:(0/1)][Intent:1073741824] receive HeartbeatAck message, {\"op\":11}\n"}
{"level":"info","ts":1648043836.711387,"msg":"2022-03-23 21:57:16 client.go:193:readMessageToQueue [ws][ID:63ff007d-039f-4d65-8d8f-e2aca3e6de35][Shard:(0/1)][Intent:1073741824] receive Reconnect message, {\"op\":7}\n"}
{"level":"error","ts":1648043836.7128372,"msg":"2022-03-23 21:57:16 client.go:91:Listening [ws][ID:63ff007d-039f-4d65-8d8f-e2aca3e6de35][Shard:(0/1)][Intent:1073741824] Listening stop. err is code:9000, text:need reconnect, traceID:\n"}
{"level":"error","ts":1648043836.713013,"msg":"2022-03-23 21:57:16 client.go:182:readMessageToQueue [ws][ID:63ff007d-039f-4d65-8d8f-e2aca3e6de35][Shard:(0/1)][Intent:1073741824] read message failed, websocket: close 4009: Session timed out, message \n"}
{"level":"error","ts":1648043836.7131572,"msg":"2022-03-23 21:57:16 local.go:91:newConnect [ws/session] Listening err code:9000, text:need reconnect, traceID:\n"}
{"level":"info","ts":1648043836.713668,"msg":"2022-03-23 21:57:16 client.go:223:listenMessageAndHandle [ws][ID:63ff007d-039f-4d65-8d8f-e2aca3e6de35][Shard:(0/1)][Intent:1073741824] message queue is closed\n"}
{"level":"info","ts":1648043838.931755,"msg":"2022-03-23 21:57:18 client.go:63:Connect [ws][ID:63ff007d-039f-4d65-8d8f-e2aca3e6de35][Shard:(0/1)][Intent:1073741824], url wss://api.sgroup.qq.com/websocket, connected\n"}
{"level":"info","ts":1648043838.9321432,"msg":"2022-03-23 21:57:18 client.go:122:Write [ws][ID:63ff007d-039f-4d65-8d8f-e2aca3e6de35][Shard:(0/1)][Intent:1073741824] write Resume message, {\"op\":6,\"d\":{\"token\":\"101997331.ZbDPisWhuKkViMl5cUfjrFJmEUEjI6ra\",\"session_id\":\"63ff007d-039f-4d65-8d8f-e2aca3e6de35\",\"seq\":1}}\n"}
{"level":"info","ts":1648043838.932523,"msg":"2022-03-23 21:57:18 client.go:193:readMessageToQueue [ws][ID:63ff007d-039f-4d65-8d8f-e2aca3e6de35][Shard:(0/1)][Intent:1073741824] receive Hello message, {\"d\":{\"heartbeat_interval\":41250},\"op\":10}\n"}
{"level":"info","ts":1648043839.021779,"msg":"2022-03-23 21:57:19 client.go:193:readMessageToQueue [ws][ID:63ff007d-039f-4d65-8d8f-e2aca3e6de35][Shard:(0/1)][Intent:1073741824] receive Event message, {\"op\":0,\"s\":2,\"t\":\"RESUMED\",\"d\":\"\"}\n"}
{"level":"debug","ts":1648043880.1865668,"msg":"2022-03-23 21:58:00 client.go:107:Listening [ws][ID:63ff007d-039f-4d65-8d8f-e2aca3e6de35][Shard:(0/1)][Intent:1073741824] listened heartBeat\n"}
{"level":"info","ts":1648043880.1876118,"msg":"2022-03-23 21:58:00 client.go:122:Write [ws][ID:63ff007d-039f-4d65-8d8f-e2aca3e6de35][Shard:(0/1)][Intent:1073741824] write Heartbeat message, {\"op\":1,\"d\":2}\n"}
{"level":"info","ts":1648043880.245065,"msg":"2022-03-23 21:58:00 client.go:193:readMessageToQueue [ws][ID:63ff007d-039f-4d65-8d8f-e2aca3e6de35][Shard:(0/1)][Intent:1073741824] receive HeartbeatAck message, {\"op\":11}\n"}
{"level":"debug","ts":1648043921.4374049,"msg":"2022-03-23 21:58:41 client.go:107:Listening [ws][ID:63ff007d-039f-4d65-8d8f-e2aca3e6de35][Shard:(0/1)][Intent:1073741824] listened heartBeat\n"}
{"level":"info","ts":1648043921.4387882,"msg":"2022-03-23 21:58:41 client.go:122:Write [ws][ID:63ff007d-039f-4d65-8d8f-e2aca3e6de35][Shard:(0/1)][Intent:1073741824] write Heartbeat message, {\"op\":1,\"d\":2}\n"}
{"level":"info","ts":1648043921.497958,"msg":"2022-03-23 21:58:41 client.go:193:readMessageToQueue [ws][ID:63ff007d-039f-4d65-8d8f-e2aca3e6de35][Shard:(0/1)][Intent:1073741824] receive HeartbeatAck message, {\"op\":11}\n"}
{"level":"debug","ts":1648043962.684594,"msg":"2022-03-23 21:59:22 client.go:107:Listening [ws][ID:63ff007d-039f-4d65-8d8f-e2aca3e6de35][Shard:(0/1)][Intent:1073741824] listened heartBeat\n"}
{"level":"info","ts":1648043962.687198,"msg":"2022-03-23 21:59:22 client.go:122:Write [ws][ID:63ff007d-039f-4d65-8d8f-e2aca3e6de35][Shard:(0/1)][Intent:1073741824] write Heartbeat message, {\"op\":1,\"d\":2}\n"}
{"level":"info","ts":1648043962.747574,"msg":"2022-03-23 21:59:22 client.go:193:readMessageToQueue [ws][ID:63ff007d-039f-4d65-8d8f-e2aca3e6de35][Shard:(0/1)][Intent:1073741824] receive HeartbeatAck message, {\"op\":11}\n"}
{"level":"debug","ts":1648044003.933501,"msg":"2022-03-23 22:00:03 client.go:107:Listening [ws][ID:63ff007d-039f-4d65-8d8f-e2aca3e6de35][Shard:(0/1)][Intent:1073741824] listened heartBeat\n"}
{"level":"info","ts":1648044003.9349492,"msg":"2022-03-23 22:00:03 client.go:122:Write [ws][ID:63ff007d-039f-4d65-8d8f-e2aca3e6de35][Shard:(0/1)][Intent:1073741824] write Heartbeat message, {\"op\":1,\"d\":2}\n"}
{"level":"info","ts":1648044004.003058,"msg":"2022-03-23 22:00:04 client.go:193:readMessageToQueue [ws][ID:63ff007d-039f-4d65-8d8f-e2aca3e6de35][Shard:(0/1)][Intent:1073741824] receive HeartbeatAck message, {\"op\":11}\n"}
{"level":"debug","ts":1648044045.1807392,"msg":"2022-03-23 22:00:45 client.go:107:Listening [ws][ID:63ff007d-039f-4d65-8d8f-e2aca3e6de35][Shard:(0/1)][Intent:1073741824] listened heartBeat\n"}
{"level":"info","ts":1648044045.181172,"msg":"2022-03-23 22:00:45 client.go:122:Write [ws][ID:63ff007d-039f-4d65-8d8f-e2aca3e6de35][Shard:(0/1)][Intent:1073741824] write Heartbeat message, {\"op\":1,\"d\":2}\n"}
{"level":"info","ts":1648044045.2449121,"msg":"2022-03-23 22:00:45 client.go:193:readMessageToQueue [ws][ID:63ff007d-039f-4d65-8d8f-e2aca3e6de35][Shard:(0/1)][Intent:1073741824] receive HeartbeatAck message, {\"op\":11}\n"}
{"level":"debug","ts":1648044086.404334,"msg":"2022-03-23 22:01:26 client.go:107:Listening [ws][ID:63ff007d-039f-4d65-8d8f-e2aca3e6de35][Shard:(0/1)][Intent:1073741824] listened heartBeat\n"}
{"level":"info","ts":1648044086.405705,"msg":"2022-03-23 22:01:26 client.go:122:Write [ws][ID:63ff007d-039f-4d65-8d8f-e2aca3e6de35][Shard:(0/1)][Intent:1073741824] write Heartbeat message, {\"op\":1,\"d\":2}\n"}
{"level":"info","ts":1648044086.47228,"msg":"2022-03-23 22:01:26 client.go:193:readMessageToQueue [ws][ID:63ff007d-039f-4d65-8d8f-e2aca3e6de35][Shard:(0/1)][Intent:1073741824] receive HeartbeatAck message, {\"op\":11}\n"}
{"level":"debug","ts":1648044127.653427,"msg":"2022-03-23 22:02:07 client.go:107:Listening [ws][ID:63ff007d-039f-4d65-8d8f-e2aca3e6de35][Shard:(0/1)][Intent:1073741824] listened heartBeat\n"}
{"level":"info","ts":1648044127.654881,"msg":"2022-03-23 22:02:07 client.go:122:Write [ws][ID:63ff007d-039f-4d65-8d8f-e2aca3e6de35][Shard:(0/1)][Intent:1073741824] write Heartbeat message, {\"op\":1,\"d\":2}\n"}
{"level":"info","ts":1648044127.7232482,"msg":"2022-03-23 22:02:07 client.go:193:readMessageToQueue [ws][ID:63ff007d-039f-4d65-8d8f-e2aca3e6de35][Shard:(0/1)][Intent:1073741824] receive HeartbeatAck message, {\"op\":11}\n"}
{"level":"debug","ts":1648044168.90223,"msg":"2022-03-23 22:02:48 client.go:107:Listening [ws][ID:63ff007d-039f-4d65-8d8f-e2aca3e6de35][Shard:(0/1)][Intent:1073741824] listened heartBeat\n"}
{"level":"info","ts":1648044168.903766,"msg":"2022-03-23 22:02:48 client.go:122:Write [ws][ID:63ff007d-039f-4d65-8d8f-e2aca3e6de35][Shard:(0/1)][Intent:1073741824] write Heartbeat message, {\"op\":1,\"d\":2}\n"}
{"level":"info","ts":1648044168.9685261,"msg":"2022-03-23 22:02:48 client.go:193:readMessageToQueue [ws][ID:63ff007d-039f-4d65-8d8f-e2aca3e6de35][Shard:(0/1)][Intent:1073741824] receive HeartbeatAck message, {\"op\":11}\n"}
{"level":"debug","ts":1648044210.151676,"msg":"2022-03-23 22:03:30 client.go:107:Listening [ws][ID:63ff007d-039f-4d65-8d8f-e2aca3e6de35][Shard:(0/1)][Intent:1073741824] listened heartBeat\n"}
{"level":"info","ts":1648044210.152529,"msg":"2022-03-23 22:03:30 client.go:122:Write [ws][ID:63ff007d-039f-4d65-8d8f-e2aca3e6de35][Shard:(0/1)][Intent:1073741824] write Heartbeat message, {\"op\":1,\"d\":2}\n"}
{"level":"info","ts":1648044210.218049,"msg":"2022-03-23 22:03:30 client.go:193:readMessageToQueue [ws][ID:63ff007d-039f-4d65-8d8f-e2aca3e6de35][Shard:(0/1)][Intent:1073741824] receive HeartbeatAck message, {\"op\":11}\n"}
{"level":"debug","ts":1648044251.4014132,"msg":"2022-03-23 22:04:11 client.go:107:Listening [ws][ID:63ff007d-039f-4d65-8d8f-e2aca3e6de35][Shard:(0/1)][Intent:1073741824] listened heartBeat\n"}
{"level":"info","ts":1648044251.4023051,"msg":"2022-03-23 22:04:11 client.go:122:Write [ws][ID:63ff007d-039f-4d65-8d8f-e2aca3e6de35][Shard:(0/1)][Intent:1073741824] write Heartbeat message, {\"op\":1,\"d\":2}\n"}
{"level":"info","ts":1648044251.4682329,"msg":"2022-03-23 22:04:11 client.go:193:readMessageToQueue [ws][ID:63ff007d-039f-4d65-8d8f-e2aca3e6de35][Shard:(0/1)][Intent:1073741824] receive HeartbeatAck message, {\"op\":11}\n"}
{"level":"debug","ts":1648044292.651121,"msg":"2022-03-23 22:04:52 client.go:107:Listening [ws][ID:63ff007d-039f-4d65-8d8f-e2aca3e6de35][Shard:(0/1)][Intent:1073741824] listened heartBeat\n"}
{"level":"info","ts":1648044292.652081,"msg":"2022-03-23 22:04:52 client.go:122:Write [ws][ID:63ff007d-039f-4d65-8d8f-e2aca3e6de35][Shard:(0/1)][Intent:1073741824] write Heartbeat message, {\"op\":1,\"d\":2}\n"}
{"level":"info","ts":1648044292.7199948,"msg":"2022-03-23 22:04:52 client.go:193:readMessageToQueue [ws][ID:63ff007d-039f-4d65-8d8f-e2aca3e6de35][Shard:(0/1)][Intent:1073741824] receive HeartbeatAck message, {\"op\":11}\n"}
{"level":"debug","ts":1648044333.900598,"msg":"2022-03-23 22:05:33 client.go:107:Listening [ws][ID:63ff007d-039f-4d65-8d8f-e2aca3e6de35][Shard:(0/1)][Intent:1073741824] listened heartBeat\n"}
{"level":"info","ts":1648044333.901449,"msg":"2022-03-23 22:05:33 client.go:122:Write [ws][ID:63ff007d-039f-4d65-8d8f-e2aca3e6de35][Shard:(0/1)][Intent:1073741824] write Heartbeat message, {\"op\":1,\"d\":2}\n"}
{"level":"info","ts":1648044333.969252,"msg":"2022-03-23 22:05:33 client.go:193:readMessageToQueue [ws][ID:63ff007d-039f-4d65-8d8f-e2aca3e6de35][Shard:(0/1)][Intent:1073741824] receive HeartbeatAck message, {\"op\":11}\n"}
{"level":"debug","ts":1648044375.150506,"msg":"2022-03-23 22:06:15 client.go:107:Listening [ws][ID:63ff007d-039f-4d65-8d8f-e2aca3e6de35][Shard:(0/1)][Intent:1073741824] listened heartBeat\n"}
{"level":"info","ts":1648044375.1517298,"msg":"2022-03-23 22:06:15 client.go:122:Write [ws][ID:63ff007d-039f-4d65-8d8f-e2aca3e6de35][Shard:(0/1)][Intent:1073741824] write Heartbeat message, {\"op\":1,\"d\":2}\n"}
{"level":"info","ts":1648044375.208058,"msg":"2022-03-23 22:06:15 client.go:193:readMessageToQueue [ws][ID:63ff007d-039f-4d65-8d8f-e2aca3e6de35][Shard:(0/1)][Intent:1073741824] receive HeartbeatAck message, {\"op\":11}\n"}
{"level":"debug","ts":1648044416.400259,"msg":"2022-03-23 22:06:56 client.go:107:Listening [ws][ID:63ff007d-039f-4d65-8d8f-e2aca3e6de35][Shard:(0/1)][Intent:1073741824] listened heartBeat\n"}
{"level":"info","ts":1648044416.401657,"msg":"2022-03-23 22:06:56 client.go:122:Write [ws][ID:63ff007d-039f-4d65-8d8f-e2aca3e6de35][Shard:(0/1)][Intent:1073741824] write Heartbeat message, {\"op\":1,\"d\":2}\n"}
{"level":"info","ts":1648044416.4608052,"msg":"2022-03-23 22:06:56 client.go:193:readMessageToQueue [ws][ID:63ff007d-039f-4d65-8d8f-e2aca3e6de35][Shard:(0/1)][Intent:1073741824] receive HeartbeatAck message, {\"op\":11}\n"}
{"level":"debug","ts":1648044457.6484082,"msg":"2022-03-23 22:07:37 client.go:107:Listening [ws][ID:63ff007d-039f-4d65-8d8f-e2aca3e6de35][Shard:(0/1)][Intent:1073741824] listened heartBeat\n"}
{"level":"info","ts":1648044457.648972,"msg":"2022-03-23 22:07:37 client.go:122:Write [ws][ID:63ff007d-039f-4d65-8d8f-e2aca3e6de35][Shard:(0/1)][Intent:1073741824] write Heartbeat message, {\"op\":1,\"d\":2}\n"}
{"level":"info","ts":1648044457.721786,"msg":"2022-03-23 22:07:37 client.go:193:readMessageToQueue [ws][ID:63ff007d-039f-4d65-8d8f-e2aca3e6de35][Shard:(0/1)][Intent:1073741824] receive HeartbeatAck message, {\"op\":11}\n"}
{"level":"debug","ts":1648044498.9013069,"msg":"2022-03-23 22:08:18 client.go:107:Listening [ws][ID:63ff007d-039f-4d65-8d8f-e2aca3e6de35][Shard:(0/1)][Intent:1073741824] listened heartBeat\n"}
{"level":"info","ts":1648044498.903145,"msg":"2022-03-23 22:08:18 client.go:122:Write [ws][ID:63ff007d-039f-4d65-8d8f-e2aca3e6de35][Shard:(0/1)][Intent:1073741824] write Heartbeat message, {\"op\":1,\"d\":2}\n"}
{"level":"info","ts":1648044498.9695911,"msg":"2022-03-23 22:08:18 client.go:193:readMessageToQueue [ws][ID:63ff007d-039f-4d65-8d8f-e2aca3e6de35][Shard:(0/1)][Intent:1073741824] receive HeartbeatAck message, {\"op\":11}\n"}
{"level":"debug","ts":1648044540.146467,"msg":"2022-03-23 22:09:00 client.go:107:Listening [ws][ID:63ff007d-039f-4d65-8d8f-e2aca3e6de35][Shard:(0/1)][Intent:1073741824] listened heartBeat\n"}
{"level":"info","ts":1648044540.147559,"msg":"2022-03-23 22:09:00 client.go:122:Write [ws][ID:63ff007d-039f-4d65-8d8f-e2aca3e6de35][Shard:(0/1)][Intent:1073741824] write Heartbeat message, {\"op\":1,\"d\":2}\n"}
{"level":"info","ts":1648044540.204454,"msg":"2022-03-23 22:09:00 client.go:193:readMessageToQueue [ws][ID:63ff007d-039f-4d65-8d8f-e2aca3e6de35][Shard:(0/1)][Intent:1073741824] receive HeartbeatAck message, {\"op\":11}\n"}
{"level":"debug","ts":1648044581.39614,"msg":"2022-03-23 22:09:41 client.go:107:Listening [ws][ID:63ff007d-039f-4d65-8d8f-e2aca3e6de35][Shard:(0/1)][Intent:1073741824] listened heartBeat\n"}
{"level":"info","ts":1648044581.3977642,"msg":"2022-03-23 22:09:41 client.go:122:Write [ws][ID:63ff007d-039f-4d65-8d8f-e2aca3e6de35][Shard:(0/1)][Intent:1073741824] write Heartbeat message, {\"op\":1,\"d\":2}\n"}
{"level":"info","ts":1648044581.464596,"msg":"2022-03-23 22:09:41 client.go:193:readMessageToQueue [ws][ID:63ff007d-039f-4d65-8d8f-e2aca3e6de35][Shard:(0/1)][Intent:1073741824] receive HeartbeatAck message, {\"op\":11}\n"}
{"level":"debug","ts":1648044622.6478279,"msg":"2022-03-23 22:10:22 client.go:107:Listening [ws][ID:63ff007d-039f-4d65-8d8f-e2aca3e6de35][Shard:(0/1)][Intent:1073741824] listened heartBeat\n"}
{"level":"info","ts":1648044622.647944,"msg":"2022-03-23 22:10:22 client.go:122:Write [ws][ID:63ff007d-039f-4d65-8d8f-e2aca3e6de35][Shard:(0/1)][Intent:1073741824] write Heartbeat message, {\"op\":1,\"d\":2}\n"}
{"level":"info","ts":1648044622.7266681,"msg":"2022-03-23 22:10:22 client.go:193:readMessageToQueue [ws][ID:63ff007d-039f-4d65-8d8f-e2aca3e6de35][Shard:(0/1)][Intent:1073741824] receive HeartbeatAck message, {\"op\":11}\n"}
{"level":"debug","ts":1648044663.898774,"msg":"2022-03-23 22:11:03 client.go:107:Listening [ws][ID:63ff007d-039f-4d65-8d8f-e2aca3e6de35][Shard:(0/1)][Intent:1073741824] listened heartBeat\n"}
{"level":"info","ts":1648044663.900224,"msg":"2022-03-23 22:11:03 client.go:122:Write [ws][ID:63ff007d-039f-4d65-8d8f-e2aca3e6de35][Shard:(0/1)][Intent:1073741824] write Heartbeat message, {\"op\":1,\"d\":2}\n"}
{"level":"info","ts":1648044663.96075,"msg":"2022-03-23 22:11:03 client.go:193:readMessageToQueue [ws][ID:63ff007d-039f-4d65-8d8f-e2aca3e6de35][Shard:(0/1)][Intent:1073741824] receive HeartbeatAck message, {\"op\":11}\n"}
{"level":"debug","ts":1648044705.147202,"msg":"2022-03-23 22:11:45 client.go:107:Listening [ws][ID:63ff007d-039f-4d65-8d8f-e2aca3e6de35][Shard:(0/1)][Intent:1073741824] listened heartBeat\n"}
{"level":"info","ts":1648044705.148575,"msg":"2022-03-23 22:11:45 client.go:122:Write [ws][ID:63ff007d-039f-4d65-8d8f-e2aca3e6de35][Shard:(0/1)][Intent:1073741824] write Heartbeat message, {\"op\":1,\"d\":2}\n"}
{"level":"info","ts":1648044705.209686,"msg":"2022-03-23 22:11:45 client.go:193:readMessageToQueue [ws][ID:63ff007d-039f-4d65-8d8f-e2aca3e6de35][Shard:(0/1)][Intent:1073741824] receive HeartbeatAck message, {\"op\":11}\n"}
{"level":"debug","ts":1648044746.3937569,"msg":"2022-03-23 22:12:26 client.go:107:Listening [ws][ID:63ff007d-039f-4d65-8d8f-e2aca3e6de35][Shard:(0/1)][Intent:1073741824] listened heartBeat\n"}
{"level":"info","ts":1648044746.3953438,"msg":"2022-03-23 22:12:26 client.go:122:Write [ws][ID:63ff007d-039f-4d65-8d8f-e2aca3e6de35][Shard:(0/1)][Intent:1073741824] write Heartbeat message, {\"op\":1,\"d\":2}\n"}
{"level":"info","ts":1648044746.461084,"msg":"2022-03-23 22:12:26 client.go:193:readMessageToQueue [ws][ID:63ff007d-039f-4d65-8d8f-e2aca3e6de35][Shard:(0/1)][Intent:1073741824] receive HeartbeatAck message, {\"op\":11}\n"}
{"level":"debug","ts":1648044787.646355,"msg":"2022-03-23 22:13:07 client.go:107:Listening [ws][ID:63ff007d-039f-4d65-8d8f-e2aca3e6de35][Shard:(0/1)][Intent:1073741824] listened heartBeat\n"}
{"level":"info","ts":1648044787.647625,"msg":"2022-03-23 22:13:07 client.go:122:Write [ws][ID:63ff007d-039f-4d65-8d8f-e2aca3e6de35][Shard:(0/1)][Intent:1073741824] write Heartbeat message, {\"op\":1,\"d\":2}\n"}
{"level":"info","ts":1648044787.7069042,"msg":"2022-03-23 22:13:07 client.go:193:readMessageToQueue [ws][ID:63ff007d-039f-4d65-8d8f-e2aca3e6de35][Shard:(0/1)][Intent:1073741824] receive HeartbeatAck message, {\"op\":11}\n"}
{"level":"debug","ts":1648044828.896238,"msg":"2022-03-23 22:13:48 client.go:107:Listening [ws][ID:63ff007d-039f-4d65-8d8f-e2aca3e6de35][Shard:(0/1)][Intent:1073741824] listened heartBeat\n"}
{"level":"info","ts":1648044828.897152,"msg":"2022-03-23 22:13:48 client.go:122:Write [ws][ID:63ff007d-039f-4d65-8d8f-e2aca3e6de35][Shard:(0/1)][Intent:1073741824] write Heartbeat message, {\"op\":1,\"d\":2}\n"}
{"level":"info","ts":1648044828.95797,"msg":"2022-03-23 22:13:48 client.go:193:readMessageToQueue [ws][ID:63ff007d-039f-4d65-8d8f-e2aca3e6de35][Shard:(0/1)][Intent:1073741824] receive HeartbeatAck message, {\"op\":11}\n"}
{"level":"debug","ts":1648044870.146071,"msg":"2022-03-23 22:14:30 client.go:107:Listening [ws][ID:63ff007d-039f-4d65-8d8f-e2aca3e6de35][Shard:(0/1)][Intent:1073741824] listened heartBeat\n"}
{"level":"info","ts":1648044870.14741,"msg":"2022-03-23 22:14:30 client.go:122:Write [ws][ID:63ff007d-039f-4d65-8d8f-e2aca3e6de35][Shard:(0/1)][Intent:1073741824] write Heartbeat message, {\"op\":1,\"d\":2}\n"}
{"level":"info","ts":1648044870.212553,"msg":"2022-03-23 22:14:30 client.go:193:readMessageToQueue [ws][ID:63ff007d-039f-4d65-8d8f-e2aca3e6de35][Shard:(0/1)][Intent:1073741824] receive HeartbeatAck message, {\"op\":11}\n"}
{"level":"debug","ts":1648044911.395529,"msg":"2022-03-23 22:15:11 client.go:107:Listening [ws][ID:63ff007d-039f-4d65-8d8f-e2aca3e6de35][Shard:(0/1)][Intent:1073741824] listened heartBeat\n"}
{"level":"info","ts":1648044911.39777,"msg":"2022-03-23 22:15:11 client.go:122:Write [ws][ID:63ff007d-039f-4d65-8d8f-e2aca3e6de35][Shard:(0/1)][Intent:1073741824] write Heartbeat message, {\"op\":1,\"d\":2}\n"}
{"level":"info","ts":1648044911.4603891,"msg":"2022-03-23 22:15:11 client.go:193:readMessageToQueue [ws][ID:63ff007d-039f-4d65-8d8f-e2aca3e6de35][Shard:(0/1)][Intent:1073741824] receive HeartbeatAck message, {\"op\":11}\n"}
{"level":"debug","ts":1648044952.582846,"msg":"2022-03-23 22:15:52 client.go:107:Listening [ws][ID:63ff007d-039f-4d65-8d8f-e2aca3e6de35][Shard:(0/1)][Intent:1073741824] listened heartBeat\n"}
{"level":"info","ts":1648044952.584525,"msg":"2022-03-23 22:15:52 client.go:122:Write [ws][ID:63ff007d-039f-4d65-8d8f-e2aca3e6de35][Shard:(0/1)][Intent:1073741824] write Heartbeat message, {\"op\":1,\"d\":2}\n"}
{"level":"info","ts":1648044952.646383,"msg":"2022-03-23 22:15:52 client.go:193:readMessageToQueue [ws][ID:63ff007d-039f-4d65-8d8f-e2aca3e6de35][Shard:(0/1)][Intent:1073741824] receive HeartbeatAck message, {\"op\":11}\n"}
{"level":"debug","ts":1648044993.8331058,"msg":"2022-03-23 22:16:33 client.go:107:Listening [ws][ID:63ff007d-039f-4d65-8d8f-e2aca3e6de35][Shard:(0/1)][Intent:1073741824] listened heartBeat\n"}
{"level":"info","ts":1648044993.834462,"msg":"2022-03-23 22:16:33 client.go:122:Write [ws][ID:63ff007d-039f-4d65-8d8f-e2aca3e6de35][Shard:(0/1)][Intent:1073741824] write Heartbeat message, {\"op\":1,\"d\":2}\n"}
{"level":"info","ts":1648044993.8987179,"msg":"2022-03-23 22:16:33 client.go:193:readMessageToQueue [ws][ID:63ff007d-039f-4d65-8d8f-e2aca3e6de35][Shard:(0/1)][Intent:1073741824] receive HeartbeatAck message, {\"op\":11}\n"}
{"level":"debug","ts":1648045035.081701,"msg":"2022-03-23 22:17:15 client.go:107:Listening [ws][ID:63ff007d-039f-4d65-8d8f-e2aca3e6de35][Shard:(0/1)][Intent:1073741824] listened heartBeat\n"}
{"level":"info","ts":1648045035.083688,"msg":"2022-03-23 22:17:15 client.go:122:Write [ws][ID:63ff007d-039f-4d65-8d8f-e2aca3e6de35][Shard:(0/1)][Intent:1073741824] write Heartbeat message, {\"op\":1,\"d\":2}\n"}
{"level":"info","ts":1648045035.157708,"msg":"2022-03-23 22:17:15 client.go:193:readMessageToQueue [ws][ID:63ff007d-039f-4d65-8d8f-e2aca3e6de35][Shard:(0/1)][Intent:1073741824] receive HeartbeatAck message, {\"op\":11}\n"}
{"level":"debug","ts":1648045076.331507,"msg":"2022-03-23 22:17:56 client.go:107:Listening [ws][ID:63ff007d-039f-4d65-8d8f-e2aca3e6de35][Shard:(0/1)][Intent:1073741824] listened heartBeat\n"}
{"level":"info","ts":1648045076.333879,"msg":"2022-03-23 22:17:56 client.go:122:Write [ws][ID:63ff007d-039f-4d65-8d8f-e2aca3e6de35][Shard:(0/1)][Intent:1073741824] write Heartbeat message, {\"op\":1,\"d\":2}\n"}
{"level":"info","ts":1648045076.3963258,"msg":"2022-03-23 22:17:56 client.go:193:readMessageToQueue [ws][ID:63ff007d-039f-4d65-8d8f-e2aca3e6de35][Shard:(0/1)][Intent:1073741824] receive HeartbeatAck message, {\"op\":11}\n"}
{"level":"debug","ts":1648045117.580968,"msg":"2022-03-23 22:18:37 client.go:107:Listening [ws][ID:63ff007d-039f-4d65-8d8f-e2aca3e6de35][Shard:(0/1)][Intent:1073741824] listened heartBeat\n"}
{"level":"info","ts":1648045117.5813398,"msg":"2022-03-23 22:18:37 client.go:122:Write [ws][ID:63ff007d-039f-4d65-8d8f-e2aca3e6de35][Shard:(0/1)][Intent:1073741824] write Heartbeat message, {\"op\":1,\"d\":2}\n"}
{"level":"info","ts":1648045117.649376,"msg":"2022-03-23 22:18:37 client.go:193:readMessageToQueue [ws][ID:63ff007d-039f-4d65-8d8f-e2aca3e6de35][Shard:(0/1)][Intent:1073741824] receive HeartbeatAck message, {\"op\":11}\n"}
{"level":"debug","ts":1648045158.832084,"msg":"2022-03-23 22:19:18 client.go:107:Listening [ws][ID:63ff007d-039f-4d65-8d8f-e2aca3e6de35][Shard:(0/1)][Intent:1073741824] listened heartBeat\n"}
{"level":"info","ts":1648045158.832309,"msg":"2022-03-23 22:19:18 client.go:122:Write [ws][ID:63ff007d-039f-4d65-8d8f-e2aca3e6de35][Shard:(0/1)][Intent:1073741824] write Heartbeat message, {\"op\":1,\"d\":2}\n"}
{"level":"info","ts":1648045158.895349,"msg":"2022-03-23 22:19:18 client.go:193:readMessageToQueue [ws][ID:63ff007d-039f-4d65-8d8f-e2aca3e6de35][Shard:(0/1)][Intent:1073741824] receive HeartbeatAck message, {\"op\":11}\n"}
{"level":"debug","ts":1648045200.080029,"msg":"2022-03-23 22:20:00 client.go:107:Listening [ws][ID:63ff007d-039f-4d65-8d8f-e2aca3e6de35][Shard:(0/1)][Intent:1073741824] listened heartBeat\n"}
{"level":"info","ts":1648045200.080329,"msg":"2022-03-23 22:20:00 client.go:122:Write [ws][ID:63ff007d-039f-4d65-8d8f-e2aca3e6de35][Shard:(0/1)][Intent:1073741824] write Heartbeat message, {\"op\":1,\"d\":2}\n"}
{"level":"info","ts":1648045200.1533382,"msg":"2022-03-23 22:20:00 client.go:193:readMessageToQueue [ws][ID:63ff007d-039f-4d65-8d8f-e2aca3e6de35][Shard:(0/1)][Intent:1073741824] receive HeartbeatAck message, {\"op\":11}\n"}
{"level":"debug","ts":1648045241.330483,"msg":"2022-03-23 22:20:41 client.go:107:Listening [ws][ID:63ff007d-039f-4d65-8d8f-e2aca3e6de35][Shard:(0/1)][Intent:1073741824] listened heartBeat\n"}
{"level":"info","ts":1648045241.330928,"msg":"2022-03-23 22:20:41 client.go:122:Write [ws][ID:63ff007d-039f-4d65-8d8f-e2aca3e6de35][Shard:(0/1)][Intent:1073741824] write Heartbeat message, {\"op\":1,\"d\":2}\n"}
{"level":"info","ts":1648045241.395624,"msg":"2022-03-23 22:20:41 client.go:193:readMessageToQueue [ws][ID:63ff007d-039f-4d65-8d8f-e2aca3e6de35][Shard:(0/1)][Intent:1073741824] receive HeartbeatAck message, {\"op\":11}\n"}
{"level":"debug","ts":1648045282.578908,"msg":"2022-03-23 22:21:22 client.go:107:Listening [ws][ID:63ff007d-039f-4d65-8d8f-e2aca3e6de35][Shard:(0/1)][Intent:1073741824] listened heartBeat\n"}
{"level":"info","ts":1648045282.579196,"msg":"2022-03-23 22:21:22 client.go:122:Write [ws][ID:63ff007d-039f-4d65-8d8f-e2aca3e6de35][Shard:(0/1)][Intent:1073741824] write Heartbeat message, {\"op\":1,\"d\":2}\n"}
{"level":"info","ts":1648045282.643575,"msg":"2022-03-23 22:21:22 client.go:193:readMessageToQueue [ws][ID:63ff007d-039f-4d65-8d8f-e2aca3e6de35][Shard:(0/1)][Intent:1073741824] receive HeartbeatAck message, {\"op\":11}\n"}
{"level":"debug","ts":1648045323.8280299,"msg":"2022-03-23 22:22:03 client.go:107:Listening [ws][ID:63ff007d-039f-4d65-8d8f-e2aca3e6de35][Shard:(0/1)][Intent:1073741824] listened heartBeat\n"}
{"level":"info","ts":1648045323.8282309,"msg":"2022-03-23 22:22:03 client.go:122:Write [ws][ID:63ff007d-039f-4d65-8d8f-e2aca3e6de35][Shard:(0/1)][Intent:1073741824] write Heartbeat message, {\"op\":1,\"d\":2}\n"}
{"level":"info","ts":1648045323.91822,"msg":"2022-03-23 22:22:03 client.go:193:readMessageToQueue [ws][ID:63ff007d-039f-4d65-8d8f-e2aca3e6de35][Shard:(0/1)][Intent:1073741824] receive HeartbeatAck message, {\"op\":11}\n"}
{"level":"debug","ts":1648045365.072418,"msg":"2022-03-23 22:22:45 client.go:107:Listening [ws][ID:63ff007d-039f-4d65-8d8f-e2aca3e6de35][Shard:(0/1)][Intent:1073741824] listened heartBeat\n"}
{"level":"info","ts":1648045365.072628,"msg":"2022-03-23 22:22:45 client.go:122:Write [ws][ID:63ff007d-039f-4d65-8d8f-e2aca3e6de35][Shard:(0/1)][Intent:1073741824] write Heartbeat message, {\"op\":1,\"d\":2}\n"}
{"level":"info","ts":1648045365.1353102,"msg":"2022-03-23 22:22:45 client.go:193:readMessageToQueue [ws][ID:63ff007d-039f-4d65-8d8f-e2aca3e6de35][Shard:(0/1)][Intent:1073741824] receive HeartbeatAck message, {\"op\":11}\n"}
{"level":"debug","ts":1648045406.32439,"msg":"2022-03-23 22:23:26 client.go:107:Listening [ws][ID:63ff007d-039f-4d65-8d8f-e2aca3e6de35][Shard:(0/1)][Intent:1073741824] listened heartBeat\n"}
{"level":"info","ts":1648045406.324645,"msg":"2022-03-23 22:23:26 client.go:122:Write [ws][ID:63ff007d-039f-4d65-8d8f-e2aca3e6de35][Shard:(0/1)][Intent:1073741824] write Heartbeat message, {\"op\":1,\"d\":2}\n"}
{"level":"info","ts":1648045406.3837912,"msg":"2022-03-23 22:23:26 client.go:193:readMessageToQueue [ws][ID:63ff007d-039f-4d65-8d8f-e2aca3e6de35][Shard:(0/1)][Intent:1073741824] receive HeartbeatAck message, {\"op\":11}\n"}
{"level":"debug","ts":1648045447.5726879,"msg":"2022-03-23 22:24:07 client.go:107:Listening [ws][ID:63ff007d-039f-4d65-8d8f-e2aca3e6de35][Shard:(0/1)][Intent:1073741824] listened heartBeat\n"}
{"level":"info","ts":1648045447.5734222,"msg":"2022-03-23 22:24:07 client.go:122:Write [ws][ID:63ff007d-039f-4d65-8d8f-e2aca3e6de35][Shard:(0/1)][Intent:1073741824] write Heartbeat message, {\"op\":1,\"d\":2}\n"}
{"level":"info","ts":1648045447.639002,"msg":"2022-03-23 22:24:07 client.go:193:readMessageToQueue [ws][ID:63ff007d-039f-4d65-8d8f-e2aca3e6de35][Shard:(0/1)][Intent:1073741824] receive HeartbeatAck message, {\"op\":11}\n"}
{"level":"debug","ts":1648045488.824586,"msg":"2022-03-23 22:24:48 client.go:107:Listening [ws][ID:63ff007d-039f-4d65-8d8f-e2aca3e6de35][Shard:(0/1)][Intent:1073741824] listened heartBeat\n"}
{"level":"info","ts":1648045488.8248892,"msg":"2022-03-23 22:24:48 client.go:122:Write [ws][ID:63ff007d-039f-4d65-8d8f-e2aca3e6de35][Shard:(0/1)][Intent:1073741824] write Heartbeat message, {\"op\":1,\"d\":2}\n"}
{"level":"info","ts":1648045488.8855171,"msg":"2022-03-23 22:24:48 client.go:193:readMessageToQueue [ws][ID:63ff007d-039f-4d65-8d8f-e2aca3e6de35][Shard:(0/1)][Intent:1073741824] receive HeartbeatAck message, {\"op\":11}\n"}
{"level":"debug","ts":1648045530.072907,"msg":"2022-03-23 22:25:30 client.go:107:Listening [ws][ID:63ff007d-039f-4d65-8d8f-e2aca3e6de35][Shard:(0/1)][Intent:1073741824] listened heartBeat\n"}
{"level":"info","ts":1648045530.073623,"msg":"2022-03-23 22:25:30 client.go:122:Write [ws][ID:63ff007d-039f-4d65-8d8f-e2aca3e6de35][Shard:(0/1)][Intent:1073741824] write Heartbeat message, {\"op\":1,\"d\":2}\n"}
{"level":"info","ts":1648045530.135013,"msg":"2022-03-23 22:25:30 client.go:193:readMessageToQueue [ws][ID:63ff007d-039f-4d65-8d8f-e2aca3e6de35][Shard:(0/1)][Intent:1073741824] receive HeartbeatAck message, {\"op\":11}\n"}
{"level":"debug","ts":1648045571.322894,"msg":"2022-03-23 22:26:11 client.go:107:Listening [ws][ID:63ff007d-039f-4d65-8d8f-e2aca3e6de35][Shard:(0/1)][Intent:1073741824] listened heartBeat\n"}
{"level":"info","ts":1648045571.323145,"msg":"2022-03-23 22:26:11 client.go:122:Write [ws][ID:63ff007d-039f-4d65-8d8f-e2aca3e6de35][Shard:(0/1)][Intent:1073741824] write Heartbeat message, {\"op\":1,\"d\":2}\n"}
{"level":"info","ts":1648045571.3835661,"msg":"2022-03-23 22:26:11 client.go:193:readMessageToQueue [ws][ID:63ff007d-039f-4d65-8d8f-e2aca3e6de35][Shard:(0/1)][Intent:1073741824] receive HeartbeatAck message, {\"op\":11}\n"}
